\BOOKMARK [0][-]{chapter.1}{\376\377\000I\000n\000t\000r\000o\000d\000u\000c\000c\000i\000\363\000n}{}% 1
\BOOKMARK [1][-]{section.1.1}{\376\377\000O\000b\000j\000e\000t\000i\000v\000o\000s}{chapter.1}% 2
\BOOKMARK [1][-]{section.1.2}{\376\377\000M\000o\000t\000i\000v\000a\000c\000i\000\363\000n}{chapter.1}% 3
\BOOKMARK [1][-]{section.1.3}{\376\377\000J\000u\000s\000t\000i\000f\000i\000c\000a\000c\000i\000\363\000n}{chapter.1}% 4
\BOOKMARK [1][-]{section.1.4}{\376\377\000E\000s\000t\000r\000u\000c\000t\000u\000r\000a\000\040\000d\000e\000\040\000l\000a\000\040\000m\000e\000m\000o\000r\000i\000a}{chapter.1}% 5
\BOOKMARK [0][-]{chapter.2}{\376\377\000M\000a\000r\000c\000o\000\040\000t\000e\000\363\000r\000i\000c\000o\000\040\000y\000\040\000E\000s\000t\000a\000d\000o\000\040\000d\000e\000l\000\040\000a\000r\000t\000e}{}% 6
\BOOKMARK [1][-]{section.2.1}{\376\377\000M\000o\000d\000e\000l\000o\000\040\000C\000l\000\341\000s\000i\000c\000o\000:\000\040\000R\000e\000s\000t\000a\000u\000r\000a\000c\000i\000\363\000n}{chapter.2}% 7
\BOOKMARK [1][-]{section.2.2}{\376\377\000M\000o\000d\000e\000l\000o\000\040\000C\000l\000\341\000s\000i\000c\000o\000:\000\040\000E\000s\000c\000a\000l\000a\000d\000o}{chapter.2}% 8
\BOOKMARK [1][-]{section.2.3}{\376\377\000M\000o\000d\000e\000l\000o\000\040\000A\000c\000t\000u\000a\000l}{chapter.2}% 9
\BOOKMARK [0][-]{chapter.3}{\376\377\000M\000e\000t\000o\000d\000o\000l\000o\000g\000\355\000a}{}% 10
\BOOKMARK [1][-]{section.3.1}{\376\377\000S\000o\000f\000t\000w\000a\000r\000e\000\040\000u\000t\000i\000l\000i\000z\000a\000d\000o}{chapter.3}% 11
\BOOKMARK [1][-]{section.3.2}{\376\377\000C\000r\000e\000a\000c\000i\000\363\000n\000\040\000d\000e\000l\000\040\000D\000a\000t\000a\000s\000e\000t}{chapter.3}% 12
\BOOKMARK [1][-]{section.3.3}{\376\377\000C\000r\000e\000a\000c\000i\000\363\000n\000\040\000d\000e\000\040\000M\000o\000d\000e\000l\000o\000s\000\040\000y\000\040\000E\000n\000t\000r\000e\000n\000a\000m\000i\000e\000n\000t\000o}{chapter.3}% 13
\BOOKMARK [1][-]{section.3.4}{\376\377\000V\000A\000E}{chapter.3}% 14
\BOOKMARK [1][-]{section.3.5}{\376\377\000c\000G\000A\000N\000:\000\040\000P\000r\000i\000m\000e\000r\000a\000\040\000a\000p\000r\000o\000x\000i\000m\000a\000c\000i\000\363\000n}{chapter.3}% 15
\BOOKMARK [1][-]{section.3.6}{\376\377\000c\000G\000A\000N\000:\000\040\000\050\000p\000i\000x\0002\000p\000i\000x\000\051}{chapter.3}% 16
\BOOKMARK [1][-]{section.3.7}{\376\377\000E\000D\000S\000R\000\040\000c\000G\000A\000N}{chapter.3}% 17
\BOOKMARK [0][-]{chapter.4}{\376\377\000C\000o\000n\000f\000i\000g\000u\000r\000a\000c\000i\000\363\000n\000\040\000d\000e\000\040\000l\000a\000\040\000m\000e\000m\000o\000r\000i\000a}{}% 18
\BOOKMARK [1][-]{section.4.1}{\376\377\000\277\000C\000\363\000m\000o\000\040\000e\000m\000p\000i\000e\000z\000o\000\040\000a\000\040\000e\000s\000c\000r\000i\000b\000i\000r\000\040\000l\000a\000\040\000m\000e\000m\000o\000r\000i\000a\000?}{chapter.4}% 19
\BOOKMARK [1][-]{section.4.2}{\376\377\000\277\000C\000\363\000m\000o\000\040\000e\000s\000t\000r\000u\000c\000t\000u\000r\000a\000r\000\040\000l\000a\000\040\000m\000e\000m\000o\000r\000i\000a\000?}{chapter.4}% 20
\BOOKMARK [0][-]{chapter.5}{\376\377\000C\000o\000m\000p\000o\000n\000e\000n\000t\000e\000s\000\040\000d\000e\000\040\000l\000a\000\040\000p\000l\000a\000n\000t\000i\000l\000l\000a}{}% 21
\BOOKMARK [1][-]{section.5.1}{\376\377\000C\000o\000l\000u\000m\000n\000a\000s}{chapter.5}% 22
\BOOKMARK [1][-]{section.5.2}{\376\377\000E\000c\000u\000a\000c\000i\000o\000n\000e\000s}{chapter.5}% 23
\BOOKMARK [1][-]{section.5.3}{\376\377\000E\000l\000e\000m\000e\000n\000t\000o\000s\000\040\000f\000l\000o\000t\000a\000n\000t\000e\000s}{chapter.5}% 24
\BOOKMARK [1][-]{section.5.4}{\376\377\000E\000n\000l\000a\000c\000e\000s\000\040\000d\000e\000\040\000h\000i\000p\000e\000r\000t\000e\000x\000t\000o}{chapter.5}% 25
\BOOKMARK [1][-]{section.5.5}{\376\377\000F\000\363\000r\000m\000u\000l\000a\000s\000\040\000m\000a\000t\000e\000m\000\341\000t\000i\000c\000a\000s}{chapter.5}% 26
\BOOKMARK [1][-]{section.5.6}{\376\377\000G\000l\000o\000s\000a\000r\000i\000o}{chapter.5}% 27
\BOOKMARK [1][-]{section.5.7}{\376\377\000N\000o\000t\000a\000s}{chapter.5}% 28
\BOOKMARK [1][-]{section.5.8}{\376\377\000R\000e\000f\000e\000r\000e\000n\000c\000i\000a\000s\000\040\000c\000r\000u\000z\000a\000d\000a\000s}{chapter.5}% 29
\BOOKMARK [1][-]{section.5.9}{\376\377\000R\000e\000f\000e\000r\000e\000n\000c\000i\000a\000s\000\040\000b\000i\000b\000l\000i\000o\000g\000r\000\341\000f\000i\000c\000a\000s}{chapter.5}% 30
\BOOKMARK [1][-]{section.5.10}{\376\377\000R\000e\000f\000e\000r\000e\000n\000c\000i\000a\000s\000\040\000c\000r\000u\000z\000a\000d\000a\000s}{chapter.5}% 31
\BOOKMARK [1][-]{section.5.11}{\376\377\000R\000e\000f\000e\000r\000e\000n\000c\000i\000a\000s\000\040\000a\000\040\000r\000e\000c\000u\000r\000s\000o\000s\000\040\000e\000x\000t\000e\000r\000n\000o\000s}{chapter.5}% 32
\BOOKMARK [0][-]{chapter.6}{\376\377\000L\000i\000c\000e\000n\000c\000i\000a}{}% 33
\BOOKMARK [0][-]{appendix.Alph1}{\376\377\000E\000s\000c\000u\000e\000l\000a\000s\000\040\000y\000\040\000t\000\355\000t\000u\000l\000o\000s}{}% 34
\BOOKMARK [1][-]{section.Alph1.1}{\376\377\000E\000s\000c\000u\000e\000l\000a\000s}{appendix.Alph1}% 35
\BOOKMARK [1][-]{section.Alph1.2}{\376\377\000T\000i\000t\000u\000l\000a\000c\000i\000o\000n\000e\000s}{appendix.Alph1}% 36
\BOOKMARK [0][-]{appendix.Alph2}{\376\377\000\277\000C\000\363\000m\000o\000\040\000a\000m\000p\000l\000i\000a\000r\000\040\000l\000a\000\040\000p\000l\000a\000n\000t\000i\000l\000l\000a\000?}{}% 37
\BOOKMARK [0][-]{appendix.Alph3}{\376\377\000L\000i\000s\000t\000a\000\040\000d\000e\000\040\000p\000a\000q\000u\000e\000t\000e\000s\000\040\000i\000n\000c\000l\000u\000i\000d\000o\000s}{}% 38
